This is pdfTeX, Version 3.141592653-2.6-1.40.24 (TeX Live 2022/Arch Linux) (preloaded format=pdflatex 2022.11.19)  24 FEB 2023 08:54
entering extended mode
 restricted \write18 enabled.
 file:line:error style messages enabled.
 %&-line parsing enabled.
**Appunti-ML.tex
(./Appunti-ML.tex
LaTeX2e <2021-11-15> patch level 1
L3 programming layer <2022-04-10> (/usr/share/texmf-dist/tex/latex/base/book.cls
Document Class: book 2021/10/04 v1.4n Standard LaTeX document class
(/usr/share/texmf-dist/tex/latex/base/bk12.clo
File: bk12.clo 2021/10/04 v1.4n Standard LaTeX file (size option)
)
\c@part=\count185
\c@chapter=\count186
\c@section=\count187
\c@subsection=\count188
\c@subsubsection=\count189
\c@paragraph=\count190
\c@subparagraph=\count191
\c@figure=\count192
\c@table=\count193
\abovecaptionskip=\skip47
\belowcaptionskip=\skip48
\bibindent=\dimen138
) (../draculatheme.sty

LaTeX Warning: You have requested package `../draculatheme',
               but the package provides `draculatheme'.

Package: draculatheme 2021/02/26 Dracula Theme
(/usr/share/texmf-dist/tex/latex/xcolor/xcolor.sty
Package: xcolor 2021/10/31 v2.13 LaTeX color extensions (UK)
 (/usr/share/texmf-dist/tex/latex/graphics-cfg/color.cfg
File: color.cfg 2016/01/02 v1.6 sample color configuration
)
Package xcolor Info: Driver file: pdftex.def on input line 227.
 (/usr/share/texmf-dist/tex/latex/graphics-def/pdftex.def
File: pdftex.def 2020/10/05 v1.2a Graphics/color driver for pdftex
)
Package xcolor Info: Model `cmy' substituted by `cmy0' on input line 1352.
Package xcolor Info: Model `hsb' substituted by `rgb' on input line 1356.
Package xcolor Info: Model `RGB' extended on input line 1368.
Package xcolor Info: Model `HTML' substituted by `rgb' on input line 1370.
Package xcolor Info: Model `Hsb' substituted by `hsb' on input line 1371.
Package xcolor Info: Model `tHsb' substituted by `hsb' on input line 1372.
Package xcolor Info: Model `HSB' substituted by `hsb' on input line 1373.
Package xcolor Info: Model `Gray' substituted by `gray' on input line 1374.
Package xcolor Info: Model `wave' substituted by `hsb' on input line 1375.
)) (/usr/share/texmf-dist/tex/latex/amsmath/amsmath.sty
Package: amsmath 2021/10/15 v2.17l AMS math features
\@mathmargin=\skip49

For additional information on amsmath, use the `?' option.
(/usr/share/texmf-dist/tex/latex/amsmath/amstext.sty
Package: amstext 2021/08/26 v2.01 AMS text
 (/usr/share/texmf-dist/tex/latex/amsmath/amsgen.sty
File: amsgen.sty 1999/11/30 v2.0 generic functions
\@emptytoks=\toks16
\ex@=\dimen139
)) (/usr/share/texmf-dist/tex/latex/amsmath/amsbsy.sty
Package: amsbsy 1999/11/29 v1.2d Bold Symbols
\pmbraise@=\dimen140
) (/usr/share/texmf-dist/tex/latex/amsmath/amsopn.sty
Package: amsopn 2021/08/26 v2.02 operator names
)
\inf@bad=\count194
LaTeX Info: Redefining \frac on input line 234.
\uproot@=\count195
\leftroot@=\count196
LaTeX Info: Redefining \overline on input line 399.
\classnum@=\count197
\DOTSCASE@=\count198
LaTeX Info: Redefining \ldots on input line 496.
LaTeX Info: Redefining \dots on input line 499.
LaTeX Info: Redefining \cdots on input line 620.
\Mathstrutbox@=\box50
\strutbox@=\box51
\big@size=\dimen141
LaTeX Font Info:    Redeclaring font encoding OML on input line 743.
LaTeX Font Info:    Redeclaring font encoding OMS on input line 744.
\macc@depth=\count199
\c@MaxMatrixCols=\count266
\dotsspace@=\muskip16
\c@parentequation=\count267
\dspbrk@lvl=\count268
\tag@help=\toks17
\row@=\count269
\column@=\count270
\maxfields@=\count271
\andhelp@=\toks18
\eqnshift@=\dimen142
\alignsep@=\dimen143
\tagshift@=\dimen144
\tagwidth@=\dimen145
\totwidth@=\dimen146
\lineht@=\dimen147
\@envbody=\toks19
\multlinegap=\skip50
\multlinetaggap=\skip51
\mathdisplay@stack=\toks20
LaTeX Info: Redefining \[ on input line 2938.
LaTeX Info: Redefining \] on input line 2939.
) (/usr/share/texmf-dist/tex/latex/amsfonts/amssymb.sty
Package: amssymb 2013/01/14 v3.01 AMS font symbols
 (/usr/share/texmf-dist/tex/latex/amsfonts/amsfonts.sty
Package: amsfonts 2013/01/14 v3.01 Basic AMSFonts support
\symAMSa=\mathgroup4
\symAMSb=\mathgroup5
LaTeX Font Info:    Redeclaring math symbol \hbar on input line 98.
LaTeX Font Info:    Overwriting math alphabet `\mathfrak' in version `bold'
(Font)                  U/euf/m/n --> U/euf/b/n on input line 106.
)) (/usr/share/texmf-dist/tex/latex/amscls/amsthm.sty
Package: amsthm 2020/05/29 v2.20.6
\thm@style=\toks21
\thm@bodyfont=\toks22
\thm@headfont=\toks23
\thm@notefont=\toks24
\thm@headpunct=\toks25
\thm@preskip=\skip52
\thm@postskip=\skip53
\thm@headsep=\skip54
\dth@everypar=\toks26
) (/usr/share/texmf-dist/tex/latex/graphics/graphicx.sty
Package: graphicx 2021/09/16 v1.2d Enhanced LaTeX Graphics (DPC,SPQR)
 (/usr/share/texmf-dist/tex/latex/graphics/keyval.sty
Package: keyval 2014/10/28 v1.15 key=value parser (DPC)
\KV@toks@=\toks27
) (/usr/share/texmf-dist/tex/latex/graphics/graphics.sty
Package: graphics 2021/03/04 v1.4d Standard LaTeX Graphics (DPC,SPQR)
 (/usr/share/texmf-dist/tex/latex/graphics/trig.sty
Package: trig 2021/08/11 v1.11 sin cos tan (DPC)
) (/usr/share/texmf-dist/tex/latex/graphics-cfg/graphics.cfg
File: graphics.cfg 2016/06/04 v1.11 sample graphics configuration
)
Package graphics Info: Driver file: pdftex.def on input line 107.
)
\Gin@req@height=\dimen148
\Gin@req@width=\dimen149
) (/usr/share/texmf-dist/tex/latex/tools/enumerate.sty
Package: enumerate 2015/07/23 v3.00 enumerate extensions (DPC)
\@enLab=\toks28
) (/usr/share/texmf-dist/tex/latex/hyperref/hyperref.sty
Package: hyperref 2022-02-21 v7.00n Hypertext links for LaTeX
 (/usr/share/texmf-dist/tex/generic/ltxcmds/ltxcmds.sty
Package: ltxcmds 2020-05-10 v1.25 LaTeX kernel commands for general use (HO)
) (/usr/share/texmf-dist/tex/generic/iftex/iftex.sty
Package: iftex 2022/02/03 v1.0f TeX engine tests
) (/usr/share/texmf-dist/tex/generic/pdftexcmds/pdftexcmds.sty
Package: pdftexcmds 2020-06-27 v0.33 Utility functions of pdfTeX for LuaTeX (HO)
 (/usr/share/texmf-dist/tex/generic/infwarerr/infwarerr.sty
Package: infwarerr 2019/12/03 v1.5 Providing info/warning/error messages (HO)
)
Package pdftexcmds Info: \pdf@primitive is available.
Package pdftexcmds Info: \pdf@ifprimitive is available.
Package pdftexcmds Info: \pdfdraftmode found.
) (/usr/share/texmf-dist/tex/generic/kvsetkeys/kvsetkeys.sty
Package: kvsetkeys 2019/12/15 v1.18 Key value parser (HO)
) (/usr/share/texmf-dist/tex/generic/kvdefinekeys/kvdefinekeys.sty
Package: kvdefinekeys 2019-12-19 v1.6 Define keys (HO)
) (/usr/share/texmf-dist/tex/generic/pdfescape/pdfescape.sty
Package: pdfescape 2019/12/09 v1.15 Implements pdfTeX's escape features (HO)
) (/usr/share/texmf-dist/tex/latex/hycolor/hycolor.sty
Package: hycolor 2020-01-27 v1.10 Color options for hyperref/bookmark (HO)
) (/usr/share/texmf-dist/tex/latex/letltxmacro/letltxmacro.sty
Package: letltxmacro 2019/12/03 v1.6 Let assignment for LaTeX macros (HO)
) (/usr/share/texmf-dist/tex/latex/auxhook/auxhook.sty
Package: auxhook 2019-12-17 v1.6 Hooks for auxiliary files (HO)
) (/usr/share/texmf-dist/tex/latex/kvoptions/kvoptions.sty
Package: kvoptions 2020-10-07 v3.14 Key value format for package options (HO)
)
\@linkdim=\dimen150
\Hy@linkcounter=\count272
\Hy@pagecounter=\count273
 (/usr/share/texmf-dist/tex/latex/hyperref/pd1enc.def
File: pd1enc.def 2022-02-21 v7.00n Hyperref: PDFDocEncoding definition (HO)
Now handling font encoding PD1 ...
... no UTF-8 mapping file for font encoding PD1
) (/usr/share/texmf-dist/tex/generic/intcalc/intcalc.sty
Package: intcalc 2019/12/15 v1.3 Expandable calculations with integers (HO)
) (/usr/share/texmf-dist/tex/generic/etexcmds/etexcmds.sty
Package: etexcmds 2019/12/15 v1.7 Avoid name clashes with e-TeX commands (HO)
)
\Hy@SavedSpaceFactor=\count274
 (/usr/share/texmf-dist/tex/latex/hyperref/puenc.def
File: puenc.def 2022-02-21 v7.00n Hyperref: PDF Unicode definition (HO)
Now handling font encoding PU ...
... no UTF-8 mapping file for font encoding PU
)
Package hyperref Info: Hyper figures OFF on input line 4137.
Package hyperref Info: Link nesting OFF on input line 4142.
Package hyperref Info: Hyper index ON on input line 4145.
Package hyperref Info: Plain pages OFF on input line 4152.
Package hyperref Info: Backreferencing OFF on input line 4157.
Package hyperref Info: Implicit mode ON; LaTeX internals redefined.
Package hyperref Info: Bookmarks ON on input line 4390.
\c@Hy@tempcnt=\count275
 (/usr/share/texmf-dist/tex/latex/url/url.sty
\Urlmuskip=\muskip17
Package: url 2013/09/16  ver 3.4  Verb mode for urls, etc.
)
LaTeX Info: Redefining \url on input line 4749.
\XeTeXLinkMargin=\dimen151
 (/usr/share/texmf-dist/tex/generic/bitset/bitset.sty
Package: bitset 2019/12/09 v1.3 Handle bit-vector datatype (HO)
 (/usr/share/texmf-dist/tex/generic/bigintcalc/bigintcalc.sty
Package: bigintcalc 2019/12/15 v1.5 Expandable calculations on big integers (HO)
))
\Fld@menulength=\count276
\Field@Width=\dimen152
\Fld@charsize=\dimen153
Package hyperref Info: Hyper figures OFF on input line 6027.
Package hyperref Info: Link nesting OFF on input line 6032.
Package hyperref Info: Hyper index ON on input line 6035.
Package hyperref Info: backreferencing OFF on input line 6042.
Package hyperref Info: Link coloring OFF on input line 6047.
Package hyperref Info: Link coloring with OCG OFF on input line 6052.
Package hyperref Info: PDF/A mode OFF on input line 6057.
LaTeX Info: Redefining \ref on input line 6097.
LaTeX Info: Redefining \pageref on input line 6101.
 (/usr/share/texmf-dist/tex/latex/base/atbegshi-ltx.sty
Package: atbegshi-ltx 2021/01/10 v1.0c Emulation of the original atbegshi
package with kernel methods
)
\Hy@abspage=\count277
\c@Item=\count278
\c@Hfootnote=\count279
)
Package hyperref Info: Driver (autodetected): hpdftex.
 (/usr/share/texmf-dist/tex/latex/hyperref/hpdftex.def
File: hpdftex.def 2022-02-21 v7.00n Hyperref driver for pdfTeX
 (/usr/share/texmf-dist/tex/latex/base/atveryend-ltx.sty
Package: atveryend-ltx 2020/08/19 v1.0a Emulation of the original atveryend package
with kernel methods
)
\Fld@listcount=\count280
\c@bookmark@seq@number=\count281

(/usr/share/texmf-dist/tex/latex/rerunfilecheck/rerunfilecheck.sty
Package: rerunfilecheck 2019/12/05 v1.9 Rerun checks for auxiliary files (HO)
 (/usr/share/texmf-dist/tex/generic/uniquecounter/uniquecounter.sty
Package: uniquecounter 2019/12/15 v1.4 Provide unlimited unique counter (HO)
)
Package uniquecounter Info: New unique counter `rerunfilecheck' on input line 286.
)
\Hy@SectionHShift=\skip55
) (/usr/share/texmf-dist/tex/latex/pgf/frontendlayer/tikz.sty (/usr/share/texmf-dist/tex/latex/pgf/basiclayer/pgf.sty (/usr/share/texmf-dist/tex/latex/pgf/utilities/pgfrcs.sty (/usr/share/texmf-dist/tex/generic/pgf/utilities/pgfutil-common.tex
\pgfutil@everybye=\toks29
\pgfutil@tempdima=\dimen154
\pgfutil@tempdimb=\dimen155
 (/usr/share/texmf-dist/tex/generic/pgf/utilities/pgfutil-common-lists.tex)) (/usr/share/texmf-dist/tex/generic/pgf/utilities/pgfutil-latex.def
\pgfutil@abb=\box52
) (/usr/share/texmf-dist/tex/generic/pgf/utilities/pgfrcs.code.tex (/usr/share/texmf-dist/tex/generic/pgf/pgf.revision.tex)
Package: pgfrcs 2021/05/15 v3.1.9a (3.1.9a)
))
Package: pgf 2021/05/15 v3.1.9a (3.1.9a)
 (/usr/share/texmf-dist/tex/latex/pgf/basiclayer/pgfcore.sty (/usr/share/texmf-dist/tex/latex/pgf/systemlayer/pgfsys.sty (/usr/share/texmf-dist/tex/generic/pgf/systemlayer/pgfsys.code.tex
Package: pgfsys 2021/05/15 v3.1.9a (3.1.9a)
 (/usr/share/texmf-dist/tex/generic/pgf/utilities/pgfkeys.code.tex
\pgfkeys@pathtoks=\toks30
\pgfkeys@temptoks=\toks31
 (/usr/share/texmf-dist/tex/generic/pgf/utilities/pgfkeysfiltered.code.tex
\pgfkeys@tmptoks=\toks32
))
\pgf@x=\dimen156
\pgf@y=\dimen157
\pgf@xa=\dimen158
\pgf@ya=\dimen159
\pgf@xb=\dimen160
\pgf@yb=\dimen161
\pgf@xc=\dimen162
\pgf@yc=\dimen163
\pgf@xd=\dimen164
\pgf@yd=\dimen165
\w@pgf@writea=\write3
\r@pgf@reada=\read2
\c@pgf@counta=\count282
\c@pgf@countb=\count283
\c@pgf@countc=\count284
\c@pgf@countd=\count285
\t@pgf@toka=\toks33
\t@pgf@tokb=\toks34
\t@pgf@tokc=\toks35
\pgf@sys@id@count=\count286
 (/usr/share/texmf-dist/tex/generic/pgf/systemlayer/pgf.cfg
File: pgf.cfg 2021/05/15 v3.1.9a (3.1.9a)
)
Driver file for pgf: pgfsys-pdftex.def
 (/usr/share/texmf-dist/tex/generic/pgf/systemlayer/pgfsys-pdftex.def
File: pgfsys-pdftex.def 2021/05/15 v3.1.9a (3.1.9a)
 (/usr/share/texmf-dist/tex/generic/pgf/systemlayer/pgfsys-common-pdf.def
File: pgfsys-common-pdf.def 2021/05/15 v3.1.9a (3.1.9a)
))) (/usr/share/texmf-dist/tex/generic/pgf/systemlayer/pgfsyssoftpath.code.tex
File: pgfsyssoftpath.code.tex 2021/05/15 v3.1.9a (3.1.9a)
\pgfsyssoftpath@smallbuffer@items=\count287
\pgfsyssoftpath@bigbuffer@items=\count288
) (/usr/share/texmf-dist/tex/generic/pgf/systemlayer/pgfsysprotocol.code.tex
File: pgfsysprotocol.code.tex 2021/05/15 v3.1.9a (3.1.9a)
)) (/usr/share/texmf-dist/tex/generic/pgf/basiclayer/pgfcore.code.tex
Package: pgfcore 2021/05/15 v3.1.9a (3.1.9a)
 (/usr/share/texmf-dist/tex/generic/pgf/math/pgfmath.code.tex (/usr/share/texmf-dist/tex/generic/pgf/math/pgfmathcalc.code.tex (/usr/share/texmf-dist/tex/generic/pgf/math/pgfmathutil.code.tex) (/usr/share/texmf-dist/tex/generic/pgf/math/pgfmathparser.code.tex
\pgfmath@dimen=\dimen166
\pgfmath@count=\count289
\pgfmath@box=\box53
\pgfmath@toks=\toks36
\pgfmath@stack@operand=\toks37
\pgfmath@stack@operation=\toks38
) (/usr/share/texmf-dist/tex/generic/pgf/math/pgfmathfunctions.code.tex (/usr/share/texmf-dist/tex/generic/pgf/math/pgfmathfunctions.basic.code.tex) (/usr/share/texmf-dist/tex/generic/pgf/math/pgfmathfunctions.trigonometric.code.tex) (/usr/share/texmf-dist/tex/generic/pgf/math/pgfmathfunctions.random.code.tex)
(/usr/share/texmf-dist/tex/generic/pgf/math/pgfmathfunctions.comparison.code.tex) (/usr/share/texmf-dist/tex/generic/pgf/math/pgfmathfunctions.base.code.tex) (/usr/share/texmf-dist/tex/generic/pgf/math/pgfmathfunctions.round.code.tex) (/usr/share/texmf-dist/tex/generic/pgf/math/pgfmathfunctions.misc.code.tex) (/usr/share/texmf-dist/tex/generic/pgf/math/pgfmathfunctions.integerarithmetics.code.tex))) (/usr/share/texmf-dist/tex/generic/pgf/math/pgfmathfloat.code.tex
\c@pgfmathroundto@lastzeros=\count290
)) (/usr/share/texmf-dist/tex/generic/pgf/math/pgfint.code.tex) (/usr/share/texmf-dist/tex/generic/pgf/basiclayer/pgfcorepoints.code.tex
File: pgfcorepoints.code.tex 2021/05/15 v3.1.9a (3.1.9a)
\pgf@picminx=\dimen167
\pgf@picmaxx=\dimen168
\pgf@picminy=\dimen169
\pgf@picmaxy=\dimen170
\pgf@pathminx=\dimen171
\pgf@pathmaxx=\dimen172
\pgf@pathminy=\dimen173
\pgf@pathmaxy=\dimen174
\pgf@xx=\dimen175
\pgf@xy=\dimen176
\pgf@yx=\dimen177
\pgf@yy=\dimen178
\pgf@zx=\dimen179
\pgf@zy=\dimen180
) (/usr/share/texmf-dist/tex/generic/pgf/basiclayer/pgfcorepathconstruct.code.tex
File: pgfcorepathconstruct.code.tex 2021/05/15 v3.1.9a (3.1.9a)
\pgf@path@lastx=\dimen181
\pgf@path@lasty=\dimen182
) (/usr/share/texmf-dist/tex/generic/pgf/basiclayer/pgfcorepathusage.code.tex
File: pgfcorepathusage.code.tex 2021/05/15 v3.1.9a (3.1.9a)
\pgf@shorten@end@additional=\dimen183
\pgf@shorten@start@additional=\dimen184
) (/usr/share/texmf-dist/tex/generic/pgf/basiclayer/pgfcorescopes.code.tex
File: pgfcorescopes.code.tex 2021/05/15 v3.1.9a (3.1.9a)
\pgfpic=\box54
\pgf@hbox=\box55
\pgf@layerbox@main=\box56
\pgf@picture@serial@count=\count291
) (/usr/share/texmf-dist/tex/generic/pgf/basiclayer/pgfcoregraphicstate.code.tex
File: pgfcoregraphicstate.code.tex 2021/05/15 v3.1.9a (3.1.9a)
\pgflinewidth=\dimen185
) (/usr/share/texmf-dist/tex/generic/pgf/basiclayer/pgfcoretransformations.code.tex
File: pgfcoretransformations.code.tex 2021/05/15 v3.1.9a (3.1.9a)
\pgf@pt@x=\dimen186
\pgf@pt@y=\dimen187
\pgf@pt@temp=\dimen188
) (/usr/share/texmf-dist/tex/generic/pgf/basiclayer/pgfcorequick.code.tex
File: pgfcorequick.code.tex 2021/05/15 v3.1.9a (3.1.9a)
) (/usr/share/texmf-dist/tex/generic/pgf/basiclayer/pgfcoreobjects.code.tex
File: pgfcoreobjects.code.tex 2021/05/15 v3.1.9a (3.1.9a)
) (/usr/share/texmf-dist/tex/generic/pgf/basiclayer/pgfcorepathprocessing.code.tex
File: pgfcorepathprocessing.code.tex 2021/05/15 v3.1.9a (3.1.9a)
) (/usr/share/texmf-dist/tex/generic/pgf/basiclayer/pgfcorearrows.code.tex
File: pgfcorearrows.code.tex 2021/05/15 v3.1.9a (3.1.9a)
\pgfarrowsep=\dimen189
) (/usr/share/texmf-dist/tex/generic/pgf/basiclayer/pgfcoreshade.code.tex
File: pgfcoreshade.code.tex 2021/05/15 v3.1.9a (3.1.9a)
\pgf@max=\dimen190
\pgf@sys@shading@range@num=\count292
\pgf@shadingcount=\count293
) (/usr/share/texmf-dist/tex/generic/pgf/basiclayer/pgfcoreimage.code.tex
File: pgfcoreimage.code.tex 2021/05/15 v3.1.9a (3.1.9a)
 (/usr/share/texmf-dist/tex/generic/pgf/basiclayer/pgfcoreexternal.code.tex
File: pgfcoreexternal.code.tex 2021/05/15 v3.1.9a (3.1.9a)
\pgfexternal@startupbox=\box57
)) (/usr/share/texmf-dist/tex/generic/pgf/basiclayer/pgfcorelayers.code.tex
File: pgfcorelayers.code.tex 2021/05/15 v3.1.9a (3.1.9a)
) (/usr/share/texmf-dist/tex/generic/pgf/basiclayer/pgfcoretransparency.code.tex
File: pgfcoretransparency.code.tex 2021/05/15 v3.1.9a (3.1.9a)
) (/usr/share/texmf-dist/tex/generic/pgf/basiclayer/pgfcorepatterns.code.tex
File: pgfcorepatterns.code.tex 2021/05/15 v3.1.9a (3.1.9a)
) (/usr/share/texmf-dist/tex/generic/pgf/basiclayer/pgfcorerdf.code.tex
File: pgfcorerdf.code.tex 2021/05/15 v3.1.9a (3.1.9a)
))) (/usr/share/texmf-dist/tex/generic/pgf/modules/pgfmoduleshapes.code.tex
File: pgfmoduleshapes.code.tex 2021/05/15 v3.1.9a (3.1.9a)
\pgfnodeparttextbox=\box58
) (/usr/share/texmf-dist/tex/generic/pgf/modules/pgfmoduleplot.code.tex
File: pgfmoduleplot.code.tex 2021/05/15 v3.1.9a (3.1.9a)
)
(/usr/share/texmf-dist/tex/latex/pgf/compatibility/pgfcomp-version-0-65.sty
Package: pgfcomp-version-0-65 2021/05/15 v3.1.9a (3.1.9a)
\pgf@nodesepstart=\dimen191
\pgf@nodesepend=\dimen192
) (/usr/share/texmf-dist/tex/latex/pgf/compatibility/pgfcomp-version-1-18.sty
Package: pgfcomp-version-1-18 2021/05/15 v3.1.9a (3.1.9a)
)) (/usr/share/texmf-dist/tex/latex/pgf/utilities/pgffor.sty (/usr/share/texmf-dist/tex/latex/pgf/utilities/pgfkeys.sty (/usr/share/texmf-dist/tex/generic/pgf/utilities/pgfkeys.code.tex)) (/usr/share/texmf-dist/tex/latex/pgf/math/pgfmath.sty (/usr/share/texmf-dist/tex/generic/pgf/math/pgfmath.code.tex)) (/usr/share/texmf-dist/tex/generic/pgf/utilities/pgffor.code.tex
Package: pgffor 2021/05/15 v3.1.9a (3.1.9a)
 (/usr/share/texmf-dist/tex/generic/pgf/math/pgfmath.code.tex)
\pgffor@iter=\dimen193
\pgffor@skip=\dimen194
\pgffor@stack=\toks39
\pgffor@toks=\toks40
)) (/usr/share/texmf-dist/tex/generic/pgf/frontendlayer/tikz/tikz.code.tex
Package: tikz 2021/05/15 v3.1.9a (3.1.9a)
 (/usr/share/texmf-dist/tex/generic/pgf/libraries/pgflibraryplothandlers.code.tex
File: pgflibraryplothandlers.code.tex 2021/05/15 v3.1.9a (3.1.9a)
\pgf@plot@mark@count=\count294
\pgfplotmarksize=\dimen195
)
\tikz@lastx=\dimen196
\tikz@lasty=\dimen197
\tikz@lastxsaved=\dimen198
\tikz@lastysaved=\dimen199
\tikz@lastmovetox=\dimen256
\tikz@lastmovetoy=\dimen257
\tikzleveldistance=\dimen258
\tikzsiblingdistance=\dimen259
\tikz@figbox=\box59
\tikz@figbox@bg=\box60
\tikz@tempbox=\box61
\tikz@tempbox@bg=\box62
\tikztreelevel=\count295
\tikznumberofchildren=\count296
\tikznumberofcurrentchild=\count297
\tikz@fig@count=\count298
 (/usr/share/texmf-dist/tex/generic/pgf/modules/pgfmodulematrix.code.tex
File: pgfmodulematrix.code.tex 2021/05/15 v3.1.9a (3.1.9a)
\pgfmatrixcurrentrow=\count299
\pgfmatrixcurrentcolumn=\count300
\pgf@matrix@numberofcolumns=\count301
)
\tikz@expandcount=\count302
 (/usr/share/texmf-dist/tex/generic/pgf/frontendlayer/tikz/libraries/tikzlibrarytopaths.code.tex
File: tikzlibrarytopaths.code.tex 2021/05/15 v3.1.9a (3.1.9a)
))) (/usr/share/texmf-dist/tex/latex/tikz-qtree/tikz-qtree.sty (/usr/share/texmf-dist/tex/latex/tikz-qtree/pgftree.sty (/usr/share/texmf-dist/tex/latex/tikz-qtree/pgfsubpic.sty (/usr/share/texmf-dist/tex/latex/tikz-qtree/pgfsubpic.tex
\pgf@subpicminx=\dimen260
\pgf@subpicminy=\dimen261
\pgf@subpicmaxx=\dimen262
\pgf@subpicmaxy=\dimen263
)) (/usr/share/texmf-dist/tex/latex/tikz-qtree/pgftree.tex
\levelsep=\dimen264
\subtreesep=\dimen265
\smuggle@levelsep=\dimen266
\smuggle@subtreesep=\dimen267
\this@levelsep=\dimen268
\this@subtreesep=\dimen269
\pgftree@childx=\dimen270
\pgftree@savechildx=\dimen271
\pgftree@childy=\dimen272
\pgftree@savechildy=\dimen273
\pgftree@childi=\count303
\pgftree@savechildi=\count304
\pgftree@level=\count305
\pgftree@depth=\dimen274
\pgf@subpic@hbox@children=\box63
\pgf@subpic@minx@children=\dimen275
\pgf@subpic@miny@children=\dimen276
\pgf@subpic@maxx@children=\dimen277
\pgf@subpic@maxy@children=\dimen278
\pgftree@lastchildx=\dimen279
\pgftree@lastchildy=\dimen280
)) (/usr/share/texmf-dist/tex/latex/tikz-qtree/tikz-qtree.tex
\@result=\toks41
\child@list=\toks42
\root@node=\toks43
)) (/usr/share/texmf-dist/tex/latex/algorithms/algorithmic.sty
Package: algorithmic 2009/08/24 v0.1 Document Style `algorithmic'
 (/usr/share/texmf-dist/tex/latex/base/ifthen.sty
Package: ifthen 2020/11/24 v1.1c Standard LaTeX ifthen package (DPC)
)
\c@ALC@unique=\count306
\c@ALC@line=\count307
\c@ALC@rem=\count308
\c@ALC@depth=\count309
\ALC@tlm=\skip56
\algorithmicindent=\skip57
) (/usr/share/texmf-dist/tex/latex/algorithms/algorithm.sty
Package: algorithm 2009/08/24 v0.1 Document Style `algorithm' - floating environment
 (/usr/share/texmf-dist/tex/latex/float/float.sty
Package: float 2001/11/08 v1.3d Float enhancements (AL)
\c@float@type=\count310
\float@exts=\toks44
\float@box=\box64
\@float@everytoks=\toks45
\@floatcapt=\box65
)
\@float@every@algorithm=\toks46
\c@algorithm=\count311
)
\c@theorem=\count312
 (/usr/share/texmf-dist/tex/latex/l3backend/l3backend-pdftex.def
File: l3backend-pdftex.def 2022-04-14 L3 backend support: PDF output (pdfTeX)
\l__color_backend_stack_int=\count313
\l__pdf_internal_box=\box66
) (./Appunti-ML.aux

LaTeX Warning: Label `fig:tree_rnn' multiply defined.

)
\openout1 = `Appunti-ML.aux'.

LaTeX Font Info:    Checking defaults for OML/cmm/m/it on input line 36.
LaTeX Font Info:    ... okay on input line 36.
LaTeX Font Info:    Checking defaults for OMS/cmsy/m/n on input line 36.
LaTeX Font Info:    ... okay on input line 36.
LaTeX Font Info:    Checking defaults for OT1/cmr/m/n on input line 36.
LaTeX Font Info:    ... okay on input line 36.
LaTeX Font Info:    Checking defaults for T1/cmr/m/n on input line 36.
LaTeX Font Info:    ... okay on input line 36.
LaTeX Font Info:    Checking defaults for TS1/cmr/m/n on input line 36.
LaTeX Font Info:    ... okay on input line 36.
LaTeX Font Info:    Checking defaults for OMX/cmex/m/n on input line 36.
LaTeX Font Info:    ... okay on input line 36.
LaTeX Font Info:    Checking defaults for U/cmr/m/n on input line 36.
LaTeX Font Info:    ... okay on input line 36.
LaTeX Font Info:    Checking defaults for PD1/pdf/m/n on input line 36.
LaTeX Font Info:    ... okay on input line 36.
LaTeX Font Info:    Checking defaults for PU/pdf/m/n on input line 36.
LaTeX Font Info:    ... okay on input line 36.
 (/usr/share/texmf-dist/tex/context/base/mkii/supp-pdf.mkii
[Loading MPS to PDF converter (version 2006.09.02).]
\scratchcounter=\count314
\scratchdimen=\dimen281
\scratchbox=\box67
\nofMPsegments=\count315
\nofMParguments=\count316
\everyMPshowfont=\toks47
\MPscratchCnt=\count317
\MPscratchDim=\dimen282
\MPnumerator=\count318
\makeMPintoPDFobject=\count319
\everyMPtoPDFconversion=\toks48
) (/usr/share/texmf-dist/tex/latex/epstopdf-pkg/epstopdf-base.sty
Package: epstopdf-base 2020-01-24 v2.11 Base part for package epstopdf
Package epstopdf-base Info: Redefining graphics rule for `.eps' on input line 485.
 (/usr/share/texmf-dist/tex/latex/latexconfig/epstopdf-sys.cfg
File: epstopdf-sys.cfg 2010/07/13 v1.3 Configuration of (r)epstopdf for TeX Live
))
Package hyperref Info: Link coloring OFF on input line 36.
 (/usr/share/texmf-dist/tex/latex/hyperref/nameref.sty
Package: nameref 2021-04-02 v2.47 Cross-referencing by name of section
 (/usr/share/texmf-dist/tex/latex/refcount/refcount.sty
Package: refcount 2019/12/15 v3.6 Data extraction from label references (HO)
) (/usr/share/texmf-dist/tex/generic/gettitlestring/gettitlestring.sty
Package: gettitlestring 2019/12/15 v1.6 Cleanup title references (HO)
)
\c@section@level=\count320
)
LaTeX Info: Redefining \ref on input line 36.
LaTeX Info: Redefining \pageref on input line 36.
LaTeX Info: Redefining \nameref on input line 36.
 (./Appunti-ML.out) (./Appunti-ML.out)
\@outlinefile=\write4
\openout4 = `Appunti-ML.out'.

LaTeX Font Info:    Trying to load font information for U+msa on input line 44.
 (/usr/share/texmf-dist/tex/latex/amsfonts/umsa.fd
File: umsa.fd 2013/01/14 v3.01 AMS symbols A
)
LaTeX Font Info:    Trying to load font information for U+msb on input line 44.
 (/usr/share/texmf-dist/tex/latex/amsfonts/umsb.fd
File: umsb.fd 2013/01/14 v3.01 AMS symbols B
) [1


{/var/lib/texmf/fonts/map/pdftex/updmap/pdftex.map}] [2

] (./Appunti-ML.toc [3])
\tf@toc=\write5
\openout5 = `Appunti-ML.toc'.

 [4]
Chapter 1.

Underfull \hbox (badness 10000) in paragraph at lines 54--56

 []


Underfull \hbox (badness 10000) in paragraph at lines 54--56

 []


Underfull \hbox (badness 10000) in paragraph at lines 58--59

 []


Underfull \hbox (badness 10000) in paragraph at lines 61--68

 []

[5


]
./Appunti-ML.tex:76: Undefined control sequence.
<recently read> \w 
                   
l.76 ...ing $\partial$ of Loss with respect to $\w
                                                  $, separating ($\eta$) and...
The control sequence at the end of the top line
of your error message was never \def'ed. If you have
misspelled it (e.g., `\hobx'), type `I' and the correct
spelling (e.g., `I\hbox'). Otherwise just continue,
and I'll forget about whatever was undefined.


Underfull \hbox (badness 10000) in paragraph at lines 84--87

 []


./Appunti-ML.tex:96: LaTeX Error: There's no line here to end.

See the LaTeX manual or LaTeX Companion for explanation.
Type  H <return>  for immediate help.
 ...                                              
                                                  
l.96 \newline
             \newline
Your command was ignored.
Type  I <command> <return>  to replace it with another command,
or  <return>  to continue without it.


./Appunti-ML.tex:96: LaTeX Error: There's no line here to end.

See the LaTeX manual or LaTeX Companion for explanation.
Type  H <return>  for immediate help.
 ...                                              
                                                  
l.96 \newline\newline
                     
Your command was ignored.
Type  I <command> <return>  to replace it with another command,
or  <return>  to continue without it.


./Appunti-ML.tex:101: LaTeX Error: There's no line here to end.

See the LaTeX manual or LaTeX Companion for explanation.
Type  H <return>  for immediate help.
 ...                                              
                                                  
l.101 \newline
              \newline
Your command was ignored.
Type  I <command> <return>  to replace it with another command,
or  <return>  to continue without it.


./Appunti-ML.tex:101: LaTeX Error: There's no line here to end.

See the LaTeX manual or LaTeX Companion for explanation.
Type  H <return>  for immediate help.
 ...                                              
                                                  
l.101 \newline\newline
                      
Your command was ignored.
Type  I <command> <return>  to replace it with another command,
or  <return>  to continue without it.


Underfull \hbox (badness 10000) in paragraph at lines 103--107

 []


Underfull \hbox (badness 10000) in paragraph at lines 110--119

 []


Underfull \hbox (badness 10000) in paragraph at lines 110--119

 []


Underfull \hbox (badness 10000) in paragraph at lines 110--119

 []


Underfull \hbox (badness 10000) in paragraph at lines 110--119

 []

[6

]
Underfull \hbox (badness 10000) in paragraph at lines 132--135

 []

[7]
Underfull \hbox (badness 10000) in paragraph at lines 136--144

 []


Underfull \hbox (badness 10000) in paragraph at lines 136--144

 []


Underfull \hbox (badness 10000) in paragraph at lines 136--144

 []


Underfull \hbox (badness 10000) in paragraph at lines 149--155

 []

[8

]
Underfull \hbox (badness 10000) in paragraph at lines 197--200

 []


Underfull \hbox (badness 10000) in paragraph at lines 197--200

 []


Underfull \hbox (badness 10000) in paragraph at lines 207--215

 []


Underfull \hbox (badness 10000) in paragraph at lines 207--215

 []

[9]
Underfull \hbox (badness 10000) in paragraph at lines 216--218

 []

./Appunti-ML.tex:219: Undefined control sequence.
l.219 		VC \leq min(\floor
                          {\frac{D^2}{\rho^2}}, m_0)+1
The control sequence at the end of the top line
of your error message was never \def'ed. If you have
misspelled it (e.g., `\hobx'), type `I' and the correct
spelling (e.g., `I\hbox'). Otherwise just continue,
and I'll forget about whatever was undefined.


Underfull \hbox (badness 10000) in paragraph at lines 222--230

 []

[10]
./Appunti-ML.tex:235: Missing $ inserted.
<inserted text> 
                $
l.235 ...ding to one constraint of our primal pro_
                                                  blem and we minimize J wit...
I've inserted a begin-math/end-math symbol since I think
you left one out. Proceed, with fingers crossed.

./Appunti-ML.tex:235: Missing $ inserted.
<inserted text> 
                $
l.235 ...b and maximize it with respect to $\alpha
                                                  $. The solution correspond...
I've inserted a begin-math/end-math symbol since I think
you left one out. Proceed, with fingers crossed.


Overfull \hbox (150.36697pt too wide) in paragraph at lines 234--240
\OT1/cmr/m/n/12 one con-straint of our pri-mal pro$[]\OML/cmm/m/it/12 lemandweminimizeJwithrespecttowandbandmaximizeitwithrespectto$$$\OT1/cmr/m/n/12 .
 []


Underfull \hbox (badness 10000) in paragraph at lines 245--252

 []

[11]
Underfull \hbox (badness 10000) in paragraph at lines 273--276

 []


Underfull \hbox (badness 10000) in paragraph at lines 280--287

 []


Underfull \hbox (badness 10000) in paragraph at lines 290--295

 []

[12]
./Appunti-ML.tex:308: Missing } inserted.
<inserted text> 
                }
l.308 	$
        \Phi : \mathbb{R}^m_0 \rightarrow \mathbb{R}^n_1$ is a mapping from ...
I've inserted something that you may have forgotten.
(See the <inserted text> above.)
With luck, this will get me unwedged. But if you
really didn't forget anything, try typing `2' now; then
my insertion and my current dilemma will both disappear.

./Appunti-ML.tex:308: Missing $ inserted.
<inserted text> 
                $
l.308 	$\Phi
             : \mathbb{R}^m_0 \rightarrow \mathbb{R}^n_1$ is a mapping from ...
I've inserted a begin-math/end-math symbol since I think
you left one out. Proceed, with fingers crossed.

./Appunti-ML.tex:308: Incomplete \ifodd; all text was ignored after line 308.
<inserted text> 
                \fi 
l.308 ...he original space to the feature space.\\
                                                  
A forbidden control sequence occurred in skipped text.
This kind of error happens when you say `\if...' and forget
the matching `\fi'. I've inserted a `\fi'; this might work.

./Appunti-ML.tex:308: Extra \fi.
\math@cr@@@ ...ef \next@ {&\kern -\alignsep@ }\fi 
                                                  \next@ \cr 
l.308 ...he original space to the feature space.\\
                                                  
I'm ignoring this; it doesn't match any \if.

./Appunti-ML.tex:308: Undefined control sequence.
\math@cr@@@ ...t@ {&\kern -\alignsep@ }\fi \next@ 
                                                  \cr 
l.308 ...he original space to the feature space.\\
                                                  
The control sequence at the end of the top line
of your error message was never \def'ed. If you have
misspelled it (e.g., `\hobx'), type `I' and the correct
spelling (e.g., `I\hbox'). Otherwise just continue,
and I'll forget about whatever was undefined.

./Appunti-ML.tex:308: Missing { inserted.
<inserted text> 
                {
l.308 ...he original space to the feature space.\\
                                                  
I've put in what seems to be necessary to fix
the current column of the current alignment.
Try to go on, since this might almost work.

./Appunti-ML.tex:314: Missing } inserted.
<inserted text> 
                }
l.314 	$
        x \to \Phi(x)$\\
I've inserted something that you may have forgotten.
(See the <inserted text> above.)
With luck, this will get me unwedged. But if you
really didn't forget anything, try typing `2' now; then
my insertion and my current dilemma will both disappear.

./Appunti-ML.tex:314: Missing $ inserted.
<inserted text> 
                $
l.314 	$x \to
              \Phi(x)$\\
I've inserted a begin-math/end-math symbol since I think
you left one out. Proceed, with fingers crossed.

./Appunti-ML.tex:314: Incomplete \ifodd; all text was ignored after line 314.
<inserted text> 
                \fi 
l.314 	$x \to \Phi(x)$\\
                        
A forbidden control sequence occurred in skipped text.
This kind of error happens when you say `\if...' and forget
the matching `\fi'. I've inserted a `\fi'; this might work.

./Appunti-ML.tex:314: Extra \fi.
\math@cr@@@ ...ef \next@ {&\kern -\alignsep@ }\fi 
                                                  \next@ \cr 
l.314 	$x \to \Phi(x)$\\
                        
I'm ignoring this; it doesn't match any \if.

./Appunti-ML.tex:314: Undefined control sequence.
\math@cr@@@ ...t@ {&\kern -\alignsep@ }\fi \next@ 
                                                  \cr 
l.314 	$x \to \Phi(x)$\\
                        
The control sequence at the end of the top line
of your error message was never \def'ed. If you have
misspelled it (e.g., `\hobx'), type `I' and the correct
spelling (e.g., `I\hbox'). Otherwise just continue,
and I'll forget about whatever was undefined.

./Appunti-ML.tex:314: Missing { inserted.
<inserted text> 
                {
l.314 	$x \to \Phi(x)$\\
                        
I've put in what seems to be necessary to fix
the current column of the current alignment.
Try to go on, since this might almost work.

[13]

./Appunti-ML.tex:360: LaTeX Error: \mathbb allowed only in math mode.

See the LaTeX manual or LaTeX Companion for explanation.
Type  H <return>  for immediate help.
 ...                                              
                                                  
l.360 ...lid kernels, over the same domain \mathbb
                                                  {R}^m_0.\newline
You're in trouble here.  Try typing  <return>  to proceed.
If that doesn't work, type  X <return>  to quit.

./Appunti-ML.tex:360: Missing $ inserted.
<inserted text> 
                $
l.360 ...kernels, over the same domain \mathbb{R}^
                                                  m_0.\newline
I've inserted a begin-math/end-math symbol since I think
you left one out. Proceed, with fingers crossed.

./Appunti-ML.tex:361: Missing $ inserted.
<inserted text> 
                $
l.361 \begin{itemize}
                     
I've inserted a begin-math/end-math symbol since I think
you left one out. Proceed, with fingers crossed.

./Appunti-ML.tex:361: Missing \endgroup inserted.
<inserted text> 
                \endgroup 
l.361 \begin{itemize}
                     
I've inserted something that you may have forgotten.
(See the <inserted text> above.)
With luck, this will get me unwedged. But if you
really didn't forget anything, try typing `2' now; then
my insertion and my current dilemma will both disappear.


Underfull \hbox (badness 10000) in paragraph at lines 359--361

 []


Underfull \vbox (badness 1152) has occurred while \output is active []

 [14]

./Appunti-ML.tex:362: LaTeX Error: Lonely \item--perhaps a missing list environment.

See the LaTeX manual or LaTeX Companion for explanation.
Type  H <return>  for immediate help.
 ...                                              
                                                  
l.362 	\item $
              k_1(x,y) + k_2(x,y)$ is a valid kernel
Try typing  <return>  to proceed.
If that doesn't work, type  X <return>  to quit.


Underfull \hbox (badness 10000) detected at line 362
[][]
 []


./Appunti-ML.tex:363: LaTeX Error: Lonely \item--perhaps a missing list environment.

See the LaTeX manual or LaTeX Companion for explanation.
Type  H <return>  for immediate help.
 ...                                              
                                                  
l.363 	\item $
              k_1(x,y)k_2(x,y)$ is a valid kernel
Try typing  <return>  to proceed.
If that doesn't work, type  X <return>  to quit.


Underfull \hbox (badness 10000) detected at line 363
[][]
 []


./Appunti-ML.tex:364: LaTeX Error: Lonely \item--perhaps a missing list environment.

See the LaTeX manual or LaTeX Companion for explanation.
Type  H <return>  for immediate help.
 ...                                              
                                                  
l.364 	\item $
              \alpha k_1(x,y) \forall \alpha \in \mathbb{R}_+$ is a valid ke...
Try typing  <return>  to proceed.
If that doesn't work, type  X <return>  to quit.


Underfull \hbox (badness 10000) detected at line 364
[][]
 []


./Appunti-ML.tex:365: LaTeX Error: \begin{document} ended by \end{itemize}.

See the LaTeX manual or LaTeX Companion for explanation.
Type  H <return>  for immediate help.
 ...                                              
                                                  
l.365 \end{itemize}
                   
Your command was ignored.
Type  I <command> <return>  to replace it with another command,
or  <return>  to continue without it.

./Appunti-ML.tex:365: Extra \endgroup.
<recently read> \endgroup 
                          
l.365 \end{itemize}
                   
Things are pretty mixed up, but I think the worst is over.

./Appunti-ML.tex:380: Missing } inserted.
<inserted text> 
                }
l.380 	$
        h(x) = sign(\sum_{i=1}^N \alpha_i d_i k(x,x_i))$\\
I've inserted something that you may have forgotten.
(See the <inserted text> above.)
With luck, this will get me unwedged. But if you
really didn't forget anything, try typing `2' now; then
my insertion and my current dilemma will both disappear.

./Appunti-ML.tex:380: Missing $ inserted.
<inserted text> 
                $
l.380 	$h(x) = sign(\sum
                        _{i=1}^N \alpha_i d_i k(x,x_i))$\\
I've inserted a begin-math/end-math symbol since I think
you left one out. Proceed, with fingers crossed.

./Appunti-ML.tex:380: Incomplete \ifodd; all text was ignored after line 380.
<inserted text> 
                \fi 
l.380 ...gn(\sum_{i=1}^N \alpha_i d_i k(x,x_i))$\\
                                                  
A forbidden control sequence occurred in skipped text.
This kind of error happens when you say `\if...' and forget
the matching `\fi'. I've inserted a `\fi'; this might work.

./Appunti-ML.tex:380: Extra \fi.
\math@cr@@@ ...ef \next@ {&\kern -\alignsep@ }\fi 
                                                  \next@ \cr 
l.380 ...gn(\sum_{i=1}^N \alpha_i d_i k(x,x_i))$\\
                                                  
I'm ignoring this; it doesn't match any \if.

./Appunti-ML.tex:380: Undefined control sequence.
\math@cr@@@ ...t@ {&\kern -\alignsep@ }\fi \next@ 
                                                  \cr 
l.380 ...gn(\sum_{i=1}^N \alpha_i d_i k(x,x_i))$\\
                                                  
The control sequence at the end of the top line
of your error message was never \def'ed. If you have
misspelled it (e.g., `\hobx'), type `I' and the correct
spelling (e.g., `I\hbox'). Otherwise just continue,
and I'll forget about whatever was undefined.

./Appunti-ML.tex:380: Missing { inserted.
<inserted text> 
                {
l.380 ...gn(\sum_{i=1}^N \alpha_i d_i k(x,x_i))$\\
                                                  
I've put in what seems to be necessary to fix
the current column of the current alignment.
Try to go on, since this might almost work.

./Appunti-ML.tex:390: Undefined control sequence.
l.390 \todo
           {Draw an SVM architecture example comparing with 1 layer neuron u...
The control sequence at the end of the top line
of your error message was never \def'ed. If you have
misspelled it (e.g., `\hobx'), type `I' and the correct
spelling (e.g., `I\hbox'). Otherwise just continue,
and I'll forget about whatever was undefined.

[15] [16]
./Appunti-ML.tex:423: Undefined control sequence.
l.423 ...and we compute the value vector of \texbf
                                                  {w}. \newline
The control sequence at the end of the top line
of your error message was never \def'ed. If you have
misspelled it (e.g., `\hobx'), type `I' and the correct
spelling (e.g., `I\hbox'). Otherwise just continue,
and I'll forget about whatever was undefined.

[17]
Underfull \hbox (badness 10000) in paragraph at lines 459--467

 []


Underfull \hbox (badness 10000) in paragraph at lines 459--467

 []


Underfull \hbox (badness 10000) in paragraph at lines 459--467

 []


Underfull \hbox (badness 10000) in paragraph at lines 459--467

 []

[18] [19]
./Appunti-ML.tex:487: Undefined control sequence.
l.487 \Exercise
               {\color{red}{Exercise:}}
The control sequence at the end of the top line
of your error message was never \def'ed. If you have
misspelled it (e.g., `\hobx'), type `I' and the correct
spelling (e.g., `I\hbox'). Otherwise just continue,
and I'll forget about whatever was undefined.

./Appunti-ML.tex:490: Undefined control sequence.
l.490 \Answer
             {\color{green}{Answer of a good kernel: }}
The control sequence at the end of the top line
of your error message was never \def'ed. If you have
misspelled it (e.g., `\hobx'), type `I' and the correct
spelling (e.g., `I\hbox'). Otherwise just continue,
and I'll forget about whatever was undefined.


Underfull \hbox (badness 10000) in paragraph at lines 487--496

 []


Underfull \hbox (badness 10000) in paragraph at lines 487--496

 []


Underfull \hbox (badness 10000) in paragraph at lines 487--496

 []


Underfull \hbox (badness 10000) in paragraph at lines 487--496

 []

[20] [21]

./Appunti-ML.tex:517: Package amsmath Error: Erroneous nesting of equation structures;
(amsmath)                trying to recover with `aligned'.

See the amsmath package documentation for explanation.
Type  H <return>  for immediate help.
 ...                                              
                                                  
l.517 	\end{align}
                  
Try typing  <return>  to proceed.
If that doesn't work, type  X <return>  to quit.


./Appunti-ML.tex:556: Package amsmath Error: Erroneous nesting of equation structures;
(amsmath)                trying to recover with `aligned'.

See the amsmath package documentation for explanation.
Type  H <return>  for immediate help.
 ...                                              
                                                  
l.556 	\end{align}
                  
Try typing  <return>  to proceed.
If that doesn't work, type  X <return>  to quit.

[22]

./Appunti-ML.tex:573: Package amsmath Error: Erroneous nesting of equation structures;
(amsmath)                trying to recover with `aligned'.

See the amsmath package documentation for explanation.
Type  H <return>  for immediate help.
 ...                                              
                                                  
l.573 	\end{align}
                  
Try typing  <return>  to proceed.
If that doesn't work, type  X <return>  to quit.

[23]
<bias_variance.png, id=396, 918.43124pt x 722.7pt>
File: bias_variance.png Graphic file (type png)
<use bias_variance.png>
Package pdftex.def Info: bias_variance.png  used on input line 581.
(pdftex.def)             Requested size: 292.5pt x 230.16597pt.
 [24
pdfTeX warning (ext4): destination with the same identifier (name{figure.1.1}) has been already used, duplicate ignored
<argument> ...shipout:D \box_use:N \l_shipout_box 
                                                  \__shipout_drop_firstpage_...
l.587 \clearpage
                 <./bias_variance.png>]
Chapter 2.

Package hyperref Warning: Difference (2) between bookmark levels is greater 
(hyperref)                than one, level fixed on input line 589.

[25


]
Underfull \hbox (badness 10000) in paragraph at lines 598--603

 []


Underfull \hbox (badness 10000) in paragraph at lines 598--603

 []

[26]
./Appunti-ML.tex:605: Undefined control sequence.
l.605 ... the time, this is the idea behind \texbf
                                                  {Autoencoders}.\newline
The control sequence at the end of the top line
of your error message was never \def'ed. If you have
misspelled it (e.g., `\hobx'), type `I' and the correct
spelling (e.g., `I\hbox'). Otherwise just continue,
and I'll forget about whatever was undefined.

[27

]
Overfull \hbox (14.65274pt too wide) in paragraph at lines 623--624
\OT1/cmr/m/n/12 for an-other layer, also trained to be an au-toas-so-ci-a-tor(unsupervised),
 []

[28]
Underfull \hbox (badness 10000) in paragraph at lines 643--645

 []

[29] [30]
Underfull \hbox (badness 10000) in paragraph at lines 665--670

 []

<word_embedding.jpg, id=432, 944.7797pt x 661.72218pt>
File: word_embedding.jpg Graphic file (type jpg)
<use word_embedding.jpg>
Package pdftex.def Info: word_embedding.jpg  used on input line 674.
(pdftex.def)             Requested size: 214.50119pt x 150.23407pt.
[31
pdfTeX warning (ext4): destination with the same identifier (name{figure.2.1}) has been already used, duplicate ignored
<argument> ...shipout:D \box_use:N \l_shipout_box 
                                                  \__shipout_drop_firstpage_...
l.683 
       <./word_embedding.jpg>]
Underfull \hbox (badness 10000) in paragraph at lines 693--694

 []

[32]
Underfull \hbox (badness 10000) in paragraph at lines 695--699

 []


Underfull \hbox (badness 10000) in paragraph at lines 695--699

 []


Underfull \hbox (badness 10000) in paragraph at lines 714--717

 []


Underfull \hbox (badness 10000) in paragraph at lines 714--717

 []

[33]
Underfull \hbox (badness 10000) in paragraph at lines 726--729

 []

[34]
Overfull \hbox (30.61092pt too wide) in paragraph at lines 734--735
[]\OT1/cmr/m/n/12 Regularization tech like ealy stop-ping dropout and batch-normalization. 
 []

[35]
<clipping_gradients.jpg, id=461, 812.28468pt x 431.36156pt>
File: clipping_gradients.jpg Graphic file (type jpg)
<use clipping_gradients.jpg>
Package pdftex.def Info: clipping_gradients.jpg  used on input line 745.
(pdftex.def)             Requested size: 312.00119pt x 165.68307pt.

Underfull \hbox (badness 10000) in paragraph at lines 749--754

 []


Underfull \vbox (badness 3417) has occurred while \output is active []

 [36


pdfTeX warning (ext4): destination with the same identifier (name{figure.2.2}) has been already used, duplicate ignored
<argument> ...shipout:D \box_use:N \l_shipout_box 
                                                  \__shipout_drop_firstpage_...
l.757 \begin{equation}
                       <./clipping_gradients.jpg>]
Underfull \hbox (badness 10000) in paragraph at lines 776--779

 []


Underfull \hbox (badness 10000) in paragraph at lines 776--779

 []

[37]
Underfull \hbox (badness 10000) in paragraph at lines 794--796

 []

[38]
Underfull \hbox (badness 10000) in paragraph at lines 810--814

 []

./Appunti-ML.tex:819: Missing $ inserted.
<inserted text> 
                $
l.819 \delta
            _{winner}(i,j) =
I've inserted a begin-math/end-math symbol since I think
you left one out. Proceed, with fingers crossed.

./Appunti-ML.tex:824: Missing $ inserted.
<inserted text> 
                $
l.824 
      
I've inserted a begin-math/end-math symbol since I think
you left one out. Proceed, with fingers crossed.

./Appunti-ML.tex:824: Missing } inserted.
<inserted text> 
                }
l.824 
      
I've inserted something that you may have forgotten.
(See the <inserted text> above.)
With luck, this will get me unwedged. But if you
really didn't forget anything, try typing `2' now; then
my insertion and my current dilemma will both disappear.

./Appunti-ML.tex:824: Too many }'s.
\@par ... \@noitemerr {\@@par }\fi \else {\@@par }
                                                  \fi 
l.824 
      
You've closed more groups than you opened.
Such booboos are generally harmless, so keep going.


./Appunti-ML.tex:825: LaTeX Error: There's no line here to end.

See the LaTeX manual or LaTeX Companion for explanation.
Type  H <return>  for immediate help.
 ...                                              
                                                  
l.825 \newline
              \newline
Your command was ignored.
Type  I <command> <return>  to replace it with another command,
or  <return>  to continue without it.


./Appunti-ML.tex:825: LaTeX Error: There's no line here to end.

See the LaTeX manual or LaTeX Companion for explanation.
Type  H <return>  for immediate help.
 ...                                              
                                                  
l.825 \newline\newline
                      
Your command was ignored.
Type  I <command> <return>  to replace it with another command,
or  <return>  to continue without it.


Underfull \hbox (badness 10000) in paragraph at lines 826--828

 []

[39]
Underfull \hbox (badness 10000) in paragraph at lines 832--834

 []

./Appunti-ML.tex:841: Missing $ inserted.
<inserted text> 
                $
l.841 	Show the derivation of the E wrt w_
                                          j\newline\newline
I've inserted a begin-math/end-math symbol since I think
you left one out. Proceed, with fingers crossed.


./Appunti-ML.tex:842: LaTeX Error: Bad math environment delimiter.

See the LaTeX manual or LaTeX Companion for explanation.
Type  H <return>  for immediate help.
 ...                                              
                                                  
l.842 	\begin{equation}
                       
Your command was ignored.
Type  I <command> <return>  to replace it with another command,
or  <return>  to continue without it.

./Appunti-ML.tex:844: You can't use `\eqno' in math mode.
\endmathdisplay@a ...\df@tag \@empty \else \veqno 
                                                  \alt@tag \df@tag \fi \ifx ...
l.844 	\end{equation}
                     
Sorry, but I'm not programmed to handle this case;
I'll just pretend that you didn't ask for it.
If you're in the wrong mode, you might be able to
return to the right one by typing `I}' or `I$' or `I\par'.

./Appunti-ML.tex:844: Missing \endgroup inserted.
<inserted text> 
                \endgroup 
l.844 	\end{equation}
                     
I've inserted something that you may have forgotten.
(See the <inserted text> above.)
With luck, this will get me unwedged. But if you
really didn't forget anything, try typing `2' now; then
my insertion and my current dilemma will both disappear.


./Appunti-ML.tex:844: LaTeX Error: \begin{proof} on input line 840 ended by \end{equation}.

See the LaTeX manual or LaTeX Companion for explanation.
Type  H <return>  for immediate help.
 ...                                              
                                                  
l.844 	\end{equation}
                     
Your command was ignored.
Type  I <command> <return>  to replace it with another command,
or  <return>  to continue without it.

./Appunti-ML.tex:844: Missing $ inserted.
<inserted text> 
                $
l.844 	\end{equation}
                     
I've inserted something that you may have forgotten.
(See the <inserted text> above.)
With luck, this will get me unwedged. But if you
really didn't forget anything, try typing `2' now; then
my insertion and my current dilemma will both disappear.


./Appunti-ML.tex:845: LaTeX Error: \begin{document} ended by \end{proof}.

See the LaTeX manual or LaTeX Companion for explanation.
Type  H <return>  for immediate help.
 ...                                              
                                                  
l.845 \end{proof}
                 
Your command was ignored.
Type  I <command> <return>  to replace it with another command,
or  <return>  to continue without it.

./Appunti-ML.tex:845: Extra \endgroup.
<recently read> \endgroup 
                          
l.845 \end{proof}
                 
Things are pretty mixed up, but I think the worst is over.


Underfull \hbox (badness 10000) in paragraph at lines 848--849

 []


Underfull \hbox (badness 10000) in paragraph at lines 855--858

 []

[40

] [41]
<rnn_diagram.jpg, id=501, 963.6pt x 282.30469pt>
File: rnn_diagram.jpg Graphic file (type jpg)
<use rnn_diagram.jpg>
Package pdftex.def Info: rnn_diagram.jpg  used on input line 871.
(pdftex.def)             Requested size: 195.0pt x 57.12761pt.
 [42
pdfTeX warning (ext4): destination with the same identifier (name{figure.2.3}) has been already used, duplicate ignored
<argument> ...shipout:D \box_use:N \l_shipout_box 
                                                  \__shipout_drop_firstpage_...
l.878 
       <./rnn_diagram.jpg>]
<sliding_window.jpg, id=507, 433.62pt x 164.86594pt>
File: sliding_window.jpg Graphic file (type jpg)
<use sliding_window.jpg>
Package pdftex.def Info: sliding_window.jpg  used on input line 881.
(pdftex.def)             Requested size: 195.0pt x 74.14117pt.
<recurrent_unit.jpg, id=508, 891.33pt x 338.01282pt>
File: recurrent_unit.jpg Graphic file (type jpg)
<use recurrent_unit.jpg>
Package pdftex.def Info: recurrent_unit.jpg  used on input line 891.
(pdftex.def)             Requested size: 195.0pt x 73.94527pt.

Underfull \hbox (badness 10000) in paragraph at lines 896--897

 []

[43
pdfTeX warning (ext4): destination with the same identifier (name{figure.2.4}) has been already used, duplicate ignored
<argument> ...shipout:D \box_use:N \l_shipout_box 
                                                  \__shipout_drop_firstpage_...
l.905 \subsection
                 {Turing Machine and RNN}
pdfTeX warning (ext4): destination with the same identifier (name{figure.2.5}) has been already used, duplicate ignored
<argument> ...shipout:D \box_use:N \l_shipout_box 
                                                  \__shipout_drop_firstpage_...
l.905 \subsection
                 {Turing Machine and RNN} <./sliding_window.jpg> <./recurrent_unit.jpg>]
Underfull \hbox (badness 10000) in paragraph at lines 914--918

 []


Underfull \hbox (badness 10000) in paragraph at lines 914--918

 []

[44]
Underfull \hbox (badness 10000) in paragraph at lines 932--933

 []


Overfull \hbox (2.61186pt too wide) in paragraph at lines 936--937
[]\OT1/cmr/bx/n/12 Adaptivity\OT1/cmr/m/n/12 : tran-si-tion func-tion are re-al-izied by NN, with weights
 []

./Appunti-ML.tex:942: Undefined control sequence.
l.942 \sebusection
                  {Backpropagation in RNN}
The control sequence at the end of the top line
of your error message was never \def'ed. If you have
misspelled it (e.g., `\hobx'), type `I' and the correct
spelling (e.g., `I\hbox'). Otherwise just continue,
and I'll forget about whatever was undefined.

[45] [46]
<echo_state_newtork.jpg, id=530, 871.75688pt x 271.0125pt>
File: echo_state_newtork.jpg Graphic file (type jpg)
<use echo_state_newtork.jpg>
Package pdftex.def Info: echo_state_newtork.jpg  used on input line 963.
(pdftex.def)             Requested size: 312.00119pt x 96.99374pt.

Underfull \hbox (badness 10000) in paragraph at lines 967--976

 []


Underfull \hbox (badness 10000) in paragraph at lines 967--976

 []

[47


pdfTeX warning (ext4): destination with the same identifier (name{figure.2.6}) has been already used, duplicate ignored
<argument> ...shipout:D \box_use:N \l_shipout_box 
                                                  \__shipout_drop_firstpage_...
l.980 
       <./echo_state_newtork.jpg>]
<recursive_nets_tree.jpg, id=536, 862.72313pt x 511.15968pt>
File: recursive_nets_tree.jpg Graphic file (type jpg)
<use recursive_nets_tree.jpg>
Package pdftex.def Info: recursive_nets_tree.jpg  used on input line 983.
(pdftex.def)             Requested size: 234.00238pt x 138.63892pt.
<graph_representation.jpg, id=537, 864.22874pt x 420.82219pt>
File: graph_representation.jpg Graphic file (type jpg)
<use graph_representation.jpg>
Package pdftex.def Info: graph_representation.jpg  used on input line 994.
(pdftex.def)             Requested size: 234.00238pt x 113.94456pt.

Underfull \hbox (badness 10000) in paragraph at lines 999--1005

 []


Underfull \hbox (badness 10000) in paragraph at lines 999--1005

 []

[48
pdfTeX warning (ext4): destination with the same identifier (name{figure.2.7}) has been already used, duplicate ignored
<argument> ...shipout:D \box_use:N \l_shipout_box 
                                                  \__shipout_drop_firstpage_...
l.1005 
       
pdfTeX warning (ext4): destination with the same identifier (name{figure.2.8}) has been already used, duplicate ignored
<argument> ...shipout:D \box_use:N \l_shipout_box 
                                                  \__shipout_drop_firstpage_...
l.1005 
        <./recursive_nets_tree.jpg> <./graph_representation.jpg>]
<molecules.jpg, id=545, 963.6pt x 528.47438pt>
File: molecules.jpg Graphic file (type jpg)
<use molecules.jpg>
Package pdftex.def Info: molecules.jpg  used on input line 1008.
(pdftex.def)             Requested size: 234.00238pt x 128.32825pt.
 [49
pdfTeX warning (ext4): destination with the same identifier (name{figure.2.9}) has been already used, duplicate ignored
<argument> ...shipout:D \box_use:N \l_shipout_box 
                                                  \__shipout_drop_firstpage_...
l.1015 \clearpage
                  <./molecules.jpg>]
<tree_and_sequences.jpg, id=552, 963.6pt x 456.20438pt>
File: tree_and_sequences.jpg Graphic file (type jpg)
<use tree_and_sequences.jpg>
Package pdftex.def Info: tree_and_sequences.jpg  used on input line 1023.
(pdftex.def)             Requested size: 234.00238pt x 110.77908pt.
<treeESN.jpg, id=553, 834.86906pt x 366.61969pt>
File: treeESN.jpg Graphic file (type jpg)
<use treeESN.jpg>
Package pdftex.def Info: treeESN.jpg  used on input line 1038.
(pdftex.def)             Requested size: 234.00238pt x 102.7591pt.


LaTeX Warning: `!h' float specifier changed to `!ht'.

[50


pdfTeX warning (ext4): destination with the same identifier (name{figure.2.10}) has been already used, duplicate ignored
<argument> ...shipout:D \box_use:N \l_shipout_box 
                                                  \__shipout_drop_firstpage_...
l.1047 \subsection
                  {Hidden Tree Markov Models} <./tree_and_sequences.jpg>]

./Appunti-ML.tex:1052: Package amsmath Error: Erroneous nesting of equation structures;
(amsmath)                trying to recover with `aligned'.

See the amsmath package documentation for explanation.
Type  H <return>  for immediate help.
 ...                                              
                                                  
l.1052 	\end{align}
                   
Try typing  <return>  to proceed.
If that doesn't work, type  X <return>  to quit.

[51
pdfTeX warning (ext4): destination with the same identifier (name{figure.2.11}) has been already used, duplicate ignored
<argument> ...shipout:D \box_use:N \l_shipout_box 
                                                  \__shipout_drop_firstpage_...
l.1056 \end{document}
                      <./treeESN.jpg>] (./Appunti-ML.aux)

LaTeX Warning: There were multiply-defined labels.

Package rerunfilecheck Info: File `Appunti-ML.out' has not changed.
(rerunfilecheck)             Checksum: 1E836F23503445AE732F549DA52F62E8;8225.
 ) 
Here is how much of TeX's memory you used:
 20775 strings out of 478238
 384278 string characters out of 5850455
 645616 words of memory out of 5000000
 38455 multiletter control sequences out of 15000+600000
 480644 words of font info for 70 fonts, out of 8000000 for 9000
 1141 hyphenation exceptions out of 8191
 84i,17n,80p,890b,395s stack positions out of 5000i,500n,10000p,200000b,80000s
{/usr/share/texmf-dist/fonts/enc/dvips/cm-super/cm-super-ts1.enc}</usr/share/texmf-dist/fonts/type1/public/amsfonts/cm/cmbx12.pfb></usr/share/texmf-dist/fonts/type1/public/amsfonts/cm/cmbx8.pfb></usr/share/texmf-dist/fonts/type1/public/amsfonts/cm/cmbxti10.pfb></usr/share/texmf-dist/fonts/type1/public/amsfonts/cm/cmex10.pfb></usr/share/texmf-dist/fonts/type1/public/amsfonts/cm/cmmi12.pfb></usr/share/texmf-dist/fonts/type1/public/amsfonts/cm/cmmi6.pfb></usr/share/texmf-dist/fonts/type1/public/amsfonts/cm/cmmi8.pfb></usr/share/texmf-dist/fonts/type1/public/amsfonts/cm/cmr12.pfb></usr/share/texmf-dist/fonts/type1/public/amsfonts/cm/cmr17.pfb></usr/share/texmf-dist/fonts/type1/public/amsfonts/cm/cmr6.pfb></usr/share/texmf-dist/fonts/type1/public/amsfonts/cm/cmr8.pfb></usr/share/texmf-dist/fonts/type1/public/amsfonts/cm/cmsl12.pfb></usr/share/texmf-dist/fonts/type1/public/amsfonts/cm/cmsy10.pfb></usr/share/texmf-dist/fonts/type1/public/amsfonts/cm/cmsy6.pfb></usr/share/texmf-dist/fonts/type1/public/amsfonts/cm/cmsy8.pfb></usr/share/texmf-dist/fonts/type1/public/amsfonts/cm/cmti12.pfb></usr/share/texmf-dist/fonts/type1/public/amsfonts/symbols/msbm10.pfb></usr/share/texmf-dist/fonts/type1/public/cm-super/sfrm1200.pfb>
Output written on Appunti-ML.pdf (51 pages, 1453274 bytes).
PDF statistics:
 682 PDF objects out of 1000 (max. 8388607)
 575 compressed objects within 6 object streams
 177 named destinations out of 1000 (max. 500000)
 441 words of extra memory for PDF output out of 10000 (max. 10000000)

